#
# There is insufficient memory for the Java Runtime Environment to continue.
# Native memory allocation (malloc) failed to allocate 1048576 bytes for AllocateHeap
# Possible reasons:
#   The system is out of physical RAM or swap space
#   In 32 bit mode, the process size limit was hit
# Possible solutions:
#   Reduce memory load on the system
#   Increase physical memory or swap space
#   Check if swap backing store is full
#   Use 64 bit Java on a 64 bit OS
#   Decrease Java heap size (-Xmx/-Xms)
#   Decrease number of Java threads
#   Decrease Java thread stack sizes (-Xss)
#   Set larger code cache with -XX:ReservedCodeCacheSize=
# This output file may be truncated or incomplete.
#
#  Out of Memory Error (memory/allocation.inline.hpp:61), pid=7384, tid=0x0000000000001414
#
# JRE version:  (8.0_161-b12) (build )
# Java VM: Java HotSpot(TM) 64-Bit Server VM (25.161-b12 mixed mode windows-amd64 compressed oops)
# Failed to write core dump. Minidumps are not enabled by default on client versions of Windows
#

---------------  T H R E A D  ---------------

Current thread (0x00000000020a8000):  JavaThread "Unknown thread" [_thread_in_vm, id=5140, stack(0x0000000002470000,0x0000000002570000)]

Stack: [0x0000000002470000,0x0000000002570000]
[error occurred during error reporting (printing stack bounds), id 0xc0000005]

Native frames: (J=compiled Java code, j=interpreted, Vv=VM code, C=native code)


---------------  P R O C E S S  ---------------

Java Threads: ( => current thread )

Other Threads:

=>0x00000000020a8000 (exited) JavaThread "Unknown thread" [_thread_in_vm, id=5140, stack(0x0000000002470000,0x0000000002570000)]

VM state:not at safepoint (normal execution)

VM Mutex/Monitor currently owned by a thread: None

Heap:
 PSYoungGen      total 28672K, used 491K [0x00000000e0900000, 0x00000000e2900000, 0x0000000100000000)
  eden space 24576K, 2% used [0x00000000e0900000,0x00000000e097ae20,0x00000000e2100000)
  from space 4096K, 0% used [0x00000000e2500000,0x00000000e2500000,0x00000000e2900000)
  to   space 4096K, 0% used [0x00000000e2100000,0x00000000e2100000,0x00000000e2500000)
 ParOldGen       total 65536K, used 0K [0x00000000a1a00000, 0x00000000a5a00000, 0x00000000e0900000)
  object space 65536K, 0% used [0x00000000a1a00000,0x00000000a1a00000,0x00000000a5a00000)
 Metaspace       used 770K, capacity 4480K, committed 4480K, reserved 1056768K
  class space    used 75K, capacity 384K, committed 384K, reserved 1048576K

Card table byte_map: [0x0000000011c00000,0x0000000011f00000] byte_map_base: 0x00000000116f3000

Marking Bits: (ParMarkBitMap*) 0x000000006c20f860
 Begin Bits: [0x0000000012550000, 0x0000000013ce8000)
 End Bits:   [0x0000000013ce8000, 0x0000000015480000)

Polling page: 0x0000000000140000

CodeCache: size=245760Kb used=328Kb max_used=328Kb free=245431Kb
 bounds [0x0000000002840000, 0x0000000002ab0000, 0x0000000011840000]
 total_blobs=58 nmethods=0 adapters=38
 compilation: enabled

Compilation events (0 events):
No events

GC Heap History (0 events):
No events

Deoptimization events (0 events):
No events

Classes redefined (0 events):
No events

Internal exceptions (0 events):
No events

Events (10 events):
Event: 0.038 loading class java/lang/Short
Event: 0.038 loading class java/lang/Short done
Event: 0.038 loading class java/lang/Integer
Event: 0.038 loading class java/lang/Integer done
Event: 0.038 loading class java/lang/Long
Event: 0.038 loading class java/lang/Long done
Event: 0.039 loading class java/lang/NullPointerException
Event: 0.039 loading class java/lang/NullPointerException done
Event: 0.039 loading class java/lang/ArithmeticException
Event: 0.039 loading class java/lang/ArithmeticException done


Dynamic libraries:
0x000000013f360000 - 0x000000013f397000 	C:\Program Files\Java\jdk1.8.0_161\jre\bin\java.exe
0x00000000770a0000 - 0x000000007723f000 	C:\Windows\SYSTEM32\ntdll.dll
0x0000000076f80000 - 0x000000007709f000 	C:\Windows\system32\kernel32.dll
0x000007fefd1d0000 - 0x000007fefd23a000 	C:\Windows\system32\KERNELBASE.dll
0x000007feff1e0000 - 0x000007feff2bb000 	C:\Windows\system32\ADVAPI32.dll
0x000007feff2c0000 - 0x000007feff35f000 	C:\Windows\system32\msvcrt.dll
0x000007fefe9f0000 - 0x000007fefea0f000 	C:\Windows\SYSTEM32\sechost.dll
0x000007fefefc0000 - 0x000007feff0ed000 	C:\Windows\system32\RPCRT4.dll
0x0000000076e80000 - 0x0000000076f7a000 	C:\Windows\system32\USER32.dll
0x000007fefef50000 - 0x000007fefefb7000 	C:\Windows\system32\GDI32.dll
0x000007fefd380000 - 0x000007fefd38e000 	C:\Windows\system32\LPK.dll
0x000007fefd8b0000 - 0x000007fefd97b000 	C:\Windows\system32\USP10.dll
0x000007fefb5c0000 - 0x000007fefb7b4000 	C:\Windows\WinSxS\amd64_microsoft.windows.common-controls_6595b64144ccf1df_6.0.7601.18837_none_fa3b1e3d17594757\COMCTL32.dll
0x000007fefd490000 - 0x000007fefd501000 	C:\Windows\system32\SHLWAPI.dll
0x000007fefd510000 - 0x000007fefd53e000 	C:\Windows\system32\IMM32.DLL
0x000007fefd7a0000 - 0x000007fefd8a9000 	C:\Windows\system32\MSCTF.dll
0x0000000074270000 - 0x0000000074342000 	C:\Program Files\Java\jdk1.8.0_161\jre\bin\msvcr100.dll
0x000000006b9f0000 - 0x000000006c28f000 	C:\Program Files\Java\jdk1.8.0_161\jre\bin\server\jvm.dll
0x000007feeeb90000 - 0x000007feeeb99000 	C:\Windows\system32\WSOCK32.dll
0x000007feff190000 - 0x000007feff1dd000 	C:\Windows\system32\WS2_32.dll
0x000007fefec90000 - 0x000007fefec98000 	C:\Windows\system32\NSI.dll
0x000007fefaf30000 - 0x000007fefaf6b000 	C:\Windows\system32\WINMM.dll
0x000007fefc0b0000 - 0x000007fefc0bc000 	C:\Windows\system32\VERSION.dll
0x0000000077240000 - 0x0000000077247000 	C:\Windows\system32\PSAPI.DLL
0x0000000074710000 - 0x000000007471f000 	C:\Program Files\Java\jdk1.8.0_161\jre\bin\verify.dll
0x0000000074200000 - 0x0000000074229000 	C:\Program Files\Java\jdk1.8.0_161\jre\bin\java.dll
0x00000000741e0000 - 0x00000000741f6000 	C:\Program Files\Java\jdk1.8.0_161\jre\bin\zip.dll

VM Arguments:
java_command: C:\Users\Antonio\Documents\NetBeansProjects\dos\target\surefire\surefirebooter7210264279121084275.jar C:\Users\Antonio\Documents\NetBeansProjects\dos\target\surefire\surefire2658189620555250901tmp C:\Users\Antonio\Documents\NetBeansProjects\dos\target\surefire\surefire4894995150722157668tmp
java_class_path (initial): C:\Users\Antonio\Documents\NetBeansProjects\dos\target\surefire\surefirebooter7210264279121084275.jar
Launcher Type: SUN_STANDARD

Environment Variables:
JAVA_HOME=C:\Program Files\Java\jdk1.8.0_161
PATH=C:\Program Files (x86)\Common Files\Oracle\Java\javapath;C:\ProgramData\Oracle\Java\javapath;C:\Windows\system32;C:\Windows;C:\Windows\System32\Wbem;C:\Windows\System32\WindowsPowerShell\v1.0\;C:\Program Files (x86)\ATI Technologies\ATI.ACE\Core-Static\;C:\Qt\Qt5.6.3\Tools\mingw492_32\bin;C:\Program Files\nodejs\;C:\Users\Antonio\AppData\Roaming\npm
USERNAME=Antonio
OS=Windows_NT
PROCESSOR_IDENTIFIER=Intel64 Family 6 Model 69 Stepping 1, GenuineIntel



---------------  S Y S T E M  ---------------

OS: Windows 7 , 64 bit Build 7601 (6.1.7601.24308)

CPU:total 4 (initial active 4) (2 cores per cpu, 2 threads per core) family 6 model 69 stepping 1, cmov, cx8, fxsr, mmx, sse, sse2, sse3, ssse3, sse4.1, sse4.2, popcnt, avx, avx2, aes, clmul, erms, lzcnt, ht, tsc, tscinvbit, bmi1, bmi2

Memory: 4k page, physical 6181148k(951364k free), swap 6179248k(5640k free)

vm_info: Java HotSpot(TM) 64-Bit Server VM (25.161-b12) for windows-amd64 JRE (1.8.0_161-b12), built on Dec 19 2017 17:52:25 by "java_re" with MS VC++ 10.0 (VS2010)

time: Fri Dec 21 02:57:51 2018
elapsed time: 0 seconds (0d 0h 0m 0s)

